<?xml version="1.0" encoding="UTF-8"?>
<testsuites>
  <testsuite name="Tests\Feature\Web\RegisterCompanyPageTest" file="C:\Users\USER\Desktop\projects\WhatsApp workflow automation\tests\Feature\Web\RegisterCompanyPageTest.php" tests="5" assertions="10" errors="0" failures="1" skipped="0" time="2.014803">
    <testcase name="home_page_loads_successfully" file="C:\Users\USER\Desktop\projects\WhatsApp workflow automation\tests\Feature\Web\RegisterCompanyPageTest.php" line="17" class="Tests\Feature\Web\RegisterCompanyPageTest" classname="Tests.Feature.Web.RegisterCompanyPageTest" assertions="1" time="1.375917"/>
    <testcase name="can_create_company_manually" file="C:\Users\USER\Desktop\projects\WhatsApp workflow automation\tests\Feature\Web\RegisterCompanyPageTest.php" line="23" class="Tests\Feature\Web\RegisterCompanyPageTest" classname="Tests.Feature.Web.RegisterCompanyPageTest" assertions="1" time="0.135680"/>
    <testcase name="valid_company_registration_creates_company_and_owner_user" file="C:\Users\USER\Desktop\projects\WhatsApp workflow automation\tests\Feature\Web\RegisterCompanyPageTest.php" line="36" class="Tests\Feature\Web\RegisterCompanyPageTest" classname="Tests.Feature.Web.RegisterCompanyPageTest" assertions="2" time="0.218744">
      <failure type="PHPUnit\Framework\ExpectationFailedException">Tests\Feature\Web\RegisterCompanyPageTest::valid_company_registration_creates_company_and_owner_user&#13;
Session is missing expected key [success].
Failed asserting that false is true.
&#13;
C:\Users\USER\Desktop\projects\WhatsApp workflow automation\vendor\laravel\framework\src\Illuminate\Testing\TestResponseAssert.php:45
C:\Users\USER\Desktop\projects\WhatsApp workflow automation\vendor\laravel\framework\src\Illuminate\Testing\TestResponse.php:1443
C:\Users\USER\Desktop\projects\WhatsApp workflow automation\vendor\livewire\livewire\src\Features\SupportTesting\Testable.php:417
C:\Users\USER\Desktop\projects\WhatsApp workflow automation\tests\Feature\Web\RegisterCompanyPageTest.php:47</failure>
    </testcase>
    <testcase name="duplicate_email_is_rejected" file="C:\Users\USER\Desktop\projects\WhatsApp workflow automation\tests\Feature\Web\RegisterCompanyPageTest.php" line="61" class="Tests\Feature\Web\RegisterCompanyPageTest" classname="Tests.Feature.Web.RegisterCompanyPageTest" assertions="3" time="0.170737"/>
    <testcase name="agree_to_terms_checkbox_is_required" file="C:\Users\USER\Desktop\projects\WhatsApp workflow automation\tests\Feature\Web\RegisterCompanyPageTest.php" line="75" class="Tests\Feature\Web\RegisterCompanyPageTest" classname="Tests.Feature.Web.RegisterCompanyPageTest" assertions="3" time="0.113725"/>
  </testsuite>
</testsuites>
